<?xml version="1.0" encoding="UTF-8"?>
<!-- Generated by org.testng.reporters.JUnitReportReporter -->
<testsuite hostname="PKMI-DS0017250" name="com.sample.extentreports.example.ReportingTest" tests="1" failures="0" timestamp="1 Jul 2015 07:27:40 GMT" time="0.015" errors="0">
  <testcase name="test" time="0.015" classname="com.sample.extentreports.example.ReportingTest"/>
</testsuite>
